mode: set
awesomeProject3/excersim/grades/grade_school.go:21.44,22.23 1 1
awesomeProject3/excersim/grades/grade_school.go:23.17,24.20 1 1
awesomeProject3/excersim/grades/grade_school.go:25.10,26.20 1 0
awesomeProject3/excersim/grades/grade_school.go:30.36,32.2 1 1
awesomeProject3/excersim/grades/grade_school.go:34.63,35.14 1 1
awesomeProject3/excersim/grades/grade_school.go:38.2,38.15 1 1
awesomeProject3/excersim/grades/grade_school.go:41.2,41.27 1 1
awesomeProject3/excersim/grades/grade_school.go:44.2,48.13 3 1
awesomeProject3/excersim/grades/grade_school.go:51.2,53.12 3 1
awesomeProject3/excersim/grades/grade_school.go:35.14,37.3 1 0
awesomeProject3/excersim/grades/grade_school.go:38.15,40.3 1 0
awesomeProject3/excersim/grades/grade_school.go:41.27,43.3 1 0
awesomeProject3/excersim/grades/grade_school.go:48.13,50.3 1 1
awesomeProject3/excersim/grades/grade_school.go:56.63,58.15 2 1
awesomeProject3/excersim/grades/grade_school.go:61.2,63.20 2 1
awesomeProject3/excersim/grades/grade_school.go:66.2,66.22 1 1
awesomeProject3/excersim/grades/grade_school.go:58.15,60.3 1 0
awesomeProject3/excersim/grades/grade_school.go:63.20,65.3 1 0
awesomeProject3/excersim/grades/grade_school.go:69.71,71.16 2 1
awesomeProject3/excersim/grades/grade_school.go:74.2,75.35 2 1
awesomeProject3/excersim/grades/grade_school.go:78.2,79.26 2 1
awesomeProject3/excersim/grades/grade_school.go:84.2,84.18 1 1
awesomeProject3/excersim/grades/grade_school.go:71.16,73.3 1 0
awesomeProject3/excersim/grades/grade_school.go:75.35,77.3 1 1
awesomeProject3/excersim/grades/grade_school.go:79.26,83.3 3 1
awesomeProject3/excersim/grades/grade_school.go:87.48,88.20 1 1
awesomeProject3/excersim/grades/grade_school.go:91.2,91.14 1 1
awesomeProject3/excersim/grades/grade_school.go:88.20,90.3 1 1
awesomeProject3/excersim/grades/grade_school.go:94.26,97.2 2 1
awesomeProject3/excersim/grades/grade_school.go:99.58,100.14 1 1
awesomeProject3/excersim/grades/grade_school.go:103.2,103.27 1 1
awesomeProject3/excersim/grades/grade_school.go:106.2,106.12 1 1
awesomeProject3/excersim/grades/grade_school.go:100.14,102.3 1 0
awesomeProject3/excersim/grades/grade_school.go:103.27,105.3 1 0
awesomeProject3/excersim/grades/grade_school.go:109.13,118.16 9 0
awesomeProject3/excersim/grades/grade_school.go:121.2,122.16 2 0
awesomeProject3/excersim/grades/grade_school.go:125.2,126.16 2 0
awesomeProject3/excersim/grades/grade_school.go:129.2,130.16 2 0
awesomeProject3/excersim/grades/grade_school.go:133.2,134.16 2 0
awesomeProject3/excersim/grades/grade_school.go:137.2,138.15 2 0
awesomeProject3/excersim/grades/grade_school.go:141.2,141.20 1 0
awesomeProject3/excersim/grades/grade_school.go:118.16,120.3 1 0
awesomeProject3/excersim/grades/grade_school.go:122.16,124.3 1 0
awesomeProject3/excersim/grades/grade_school.go:126.16,128.3 1 0
awesomeProject3/excersim/grades/grade_school.go:130.16,132.3 1 0
awesomeProject3/excersim/grades/grade_school.go:134.16,136.3 1 0
awesomeProject3/excersim/grades/grade_school.go:138.16,140.3 0 0
